g:\xcstg\xcstg\debug\vc141.pdb
g:\xcstg\xcstg\debug\vc141.idb
g:\xcstg\xcstg\debug\imageloader.obj
g:\xcstg\xcstg\debug\appframework.obj
g:\xcstg\xcstg\debug\xcustomizedstgmain.obj
g:\xcstg\xcstg\debug\xctaskloop.obj
g:\xcstg\xcstg\debug\xcplayertask.obj
g:\xcstg\xcstg\debug\xceystage1.obj
g:\xcstg\xcstg\debug\xcbtstage1.obj
g:\xcstg\xcstg\debug\xcspellcard.obj
g:\xcstg\xcstg\debug\xcring.obj
g:\xcstg\xcstg\debug\xcexplode.obj
g:\xcstg\xcstg\debug\xctraceattack.obj
g:\xcstg\xcstg\debug\xcnormalattack.obj
g:\xcstg\xcstg\debug\xcnormalenemy.obj
g:\xcstg\xcstg\debug\xcenemyinfo.obj
g:\xcstg\xcstg\debug\xcenemybase.obj
g:\xcstg\xcstg\debug\xcboss.obj
g:\xcstg\xcstg\debug\xctestboss.obj
g:\xcstg\xcstg\debug\xccirclebullet.obj
g:\xcstg\xcstg\debug\playerentity.obj
g:\xcstg\xcstg\debug\backgroundrendergroup.obj
g:\xcstg\xcstg\debug\shaderreader.obj
g:\xcstg\xcstg\debug\gl3w.obj
g:\xcstg\xcstg\debug\xcdefaulttextureposition.obj
g:\xcstg\debug\xcstg.exe
g:\xcstg\debug\xcstg.ilk
g:\xcstg\debug\xcstg.pdb
g:\xcstg\debug\xcstg.lib
g:\xcstg\debug\xcstg.exp
g:\xcstg\xcstg\debug\xcstg.tlog\cl.command.1.tlog
g:\xcstg\xcstg\debug\xcstg.tlog\cl.read.1.tlog
g:\xcstg\xcstg\debug\xcstg.tlog\cl.write.1.tlog
g:\xcstg\xcstg\debug\xcstg.tlog\link.command.1.tlog
g:\xcstg\xcstg\debug\xcstg.tlog\link.read.1.tlog
g:\xcstg\xcstg\debug\xcstg.tlog\link.write.1.tlog
g:\xcstg\xcstg\debug\xcstg.tlog\xcstg.write.1u.tlog
